============================================================
  PANGOLIN DATASET GENERATOR v3
============================================================
  Project: \\wsl.localhost\Ubuntu\home\mat2m10\code\mat2m10\blender\pangolin
  Blend file: \\wsl.localhost\Ubuntu\home\mat2m10\code\mat2m10\blender\pangolin\forest_generation.blend
  Text blocks: ['Text', 'Text.001']
  Forest script found in: 'Text.001' (51868 chars)
  Executing forest script...
  Functions found: ['Vector', 'Euler', 'Quaternion', 'resolve_project_dir', 'clear_generated_pangolins', 'build_static_scene', 'ensure_pangolin_template', 'place_pangolins_only', 'clear_scene', 'get_or_create_collection', 'link_to_collection', 'random_point_in_area', 'min_distance_ok', 'import_glb', 'import_pangolin_from_blend', 'duplicate_and_place', 'create_ground', 'create_sun', 'create_camera', 'get_canopy_radius', 'scatter_vegetation', 'reset_armature_pose', 'curl_armature_spine', 'sway_spine_lateral', 'apply_random_pose', 'scatter_pangolins', 'setup_eevee', 'add_fog', 'main']
  main() found OK
  Vegetation base: 8 types
  Building static forest once...
  Static forest built OK

========================================
  IMAGE 1/20  seed=1000
========================================
  pangolins=5 exposure=1.10 color=None
  Building scene...
  [forest] Info: Deleted 65 data-block(s)
  [forest]   Cleared 0 generated pangolin objects.
  [forest]   Reusing cached pangolin template (10 objects)
  [forest]   REAL rig identified: PangolinRig.002 (15 bones)
  [forest]   Pangolin exposure: 1.1037906714710997
  [forest]   Pangolin 1/5: pos=(-44.9, 28.3) scale=1.20 (medium) pose=tail_curl
  [forest]   Pangolin 2/5: pos=(-11.2, -12.0) scale=1.16 (medium) pose=standing
  [forest]   Pangolin 3/5: pos=(16.8, 36.1) scale=0.94 (medium) pose=walking
  [forest]   Pangolin 4/5: pos=(35.6, -41.1) scale=0.72 (baby) pose=walking
  [forest]   Pangolin 5/5: pos=(-1.0, 19.7) scale=0.74 (baby) pose=tail_curl
  [forest]   Fresh pangolins placed into static forest.
  Scene built OK
  Camera: CLOSE shot at 25m targeting one pangolin
  Objects in scene: 320
  Collections: ['Environment', 'Pangolins', 'PangolinTemplate', 'Vegetation']
  Pangolins: 20 objects
  Camera: ForestCamera at <Vector (34.8172, -42.6823, 24.9521)>
  Computing bboxes...
    BBOX: Pangolins collection has 20 objects
      obj: PangolinLegs.001 type=MESH hide=False hide_render=False parent=PangolinRig.005
      obj: PangolinHead.001 type=MESH hide=False hide_render=False parent=PangolinRig.005
      obj: PangolinBody.001 type=MESH hide=False hide_render=False parent=PangolinRig.005
      obj: PangolinRig.005 type=ARMATURE hide=False hide_render=True parent=None
      obj: PangolinLegs.002 type=MESH hide=False hide_render=False parent=PangolinRig.006
      obj: PangolinHead.002 type=MESH hide=False hide_render=False parent=PangolinRig.006
      obj: PangolinBody.002 type=MESH hide=False hide_render=False parent=PangolinRig.006
      obj: PangolinRig.006 type=ARMATURE hide=False hide_render=True parent=None
      obj: PangolinLegs.003 type=MESH hide=False hide_render=False parent=PangolinRig.007
      obj: PangolinHead.003 type=MESH hide=False hide_render=False parent=PangolinRig.007
      obj: PangolinBody.003 type=MESH hide=False hide_render=False parent=PangolinRig.007
      obj: PangolinRig.007 type=ARMATURE hide=False hide_render=True parent=None
      obj: PangolinLegs.004 type=MESH hide=False hide_render=False parent=PangolinRig.008
      obj: PangolinHead.004 type=MESH hide=False hide_render=False parent=PangolinRig.008
      obj: PangolinBody.004 type=MESH hide=False hide_render=False parent=PangolinRig.008
      obj: PangolinRig.008 type=ARMATURE hide=False hide_render=True parent=None
      obj: PangolinLegs.005 type=MESH hide=False hide_render=False parent=PangolinRig.009
      obj: PangolinHead.005 type=MESH hide=False hide_render=False parent=PangolinRig.009
      obj: PangolinBody.005 type=MESH hide=False hide_render=False parent=PangolinRig.009
      obj: PangolinRig.009 type=ARMATURE hide=False hide_render=True parent=None
    BBOX: 5 pangolin group(s): ['PangolinRig.005', 'PangolinRig.006', 'PangolinRig.007', 'PangolinRig.008', 'PangolinRig.009']
    Group 'PangolinRig.005': raw 2D (-6.039,3.098)-(-5.298,3.777)
    Group 'PangolinRig.005': completely off-screen, skipping
    Group 'PangolinRig.006': raw 2D (-3.543,0.864)-(-2.924,1.144)
    Group 'PangolinRig.006': completely off-screen, skipping
    Group 'PangolinRig.007': raw 2D (-2.402,6.276)-(-2.082,6.883)
    Group 'PangolinRig.007': completely off-screen, skipping
    Group 'PangolinRig.008': raw 2D (0.496,0.499)-(0.614,0.867)
    Group 'PangolinRig.008': clamped (0.496,0.499)-(0.614,0.867) size=0.119x0.368
    Group 'PangolinRig.008': YOLO (0.555, 0.317, 0.119, 0.368)
    Group 'PangolinRig.009': raw 2D (-3.165,4.044)-(-2.843,4.517)
    Group 'PangolinRig.009': completely off-screen, skipping
  Result: 1 bbox(es)
  Rendering to: \\wsl.localhost\Ubuntu\home\mat2m10\code\mat2m10\blender\pangolin\dataset\images\000
  Render saved: \\wsl.localhost\Ubuntu\home\mat2m10\code\mat2m10\blender\pangolin\dataset\images\000.png (2502 KB)

========================================
  IMAGE 2/20  seed=1001
========================================
  pangolins=2 exposure=1.21 color=(0.32, 0.2, 0.09, 1.0)
  Building scene...
  [forest] Info: Deleted 15 data-block(s)
  [forest]   Cleared 20 generated pangolin objects.
  [forest]   Reusing cached pangolin template (10 objects)
  [forest]   REAL rig identified: PangolinRig.002 (15 bones)
  [forest]   Pangolin exposure: 1.2127684929392317
  [forest]   Pangolin 1/2: pos=(32.6, -36.8) scale=1.49 (large) pose=ball
  [forest]   Pangolin 2/2: pos=(39.3, 36.8) scale=1.31 (large) pose=walking
  [forest]   Applying color override: (0.32, 0.2, 0.09, 1.0)
  [forest]   Fresh pangolins placed into static forest.
  Scene built OK
  Camera: CLOSE shot at 18m targeting one pangolin
  Objects in scene: 308
  Collections: ['Environment', 'Pangolins', 'PangolinTemplate', 'Vegetation']
  Pangolins: 8 objects
  Camera: ForestCamera at <Vector (40.3362, 37.4942, 18.4859)>
  Computing bboxes...
    BBOX: Pangolins collection has 8 objects
      obj: PangolinLegs.001 type=MESH hide=False hide_render=False parent=PangolinRig.005
      obj: PangolinHead.001 type=MESH hide=False hide_render=False parent=PangolinRig.005
      obj: PangolinBody.001 type=MESH hide=False hide_render=False parent=PangolinRig.005
      obj: PangolinRig.005 type=ARMATURE hide=False hide_render=True parent=None
      obj: PangolinLegs.002 type=MESH hide=False hide_render=False parent=PangolinRig.006
      obj: PangolinHead.002 type=MESH hide=False hide_render=False parent=PangolinRig.006
      obj: PangolinBody.002 type=MESH hide=False hide_render=False parent=PangolinRig.006
      obj: PangolinRig.006 type=ARMATURE hide=False hide_render=True parent=None
    BBOX: 2 pangolin group(s): ['PangolinRig.005', 'PangolinRig.006']
    Group 'PangolinRig.005': raw 2D (-2.764,4.607)-(-2.364,5.288)
    Group 'PangolinRig.005': completely off-screen, skipping
    Group 'PangolinRig.006': raw 2D (0.436,0.522)-(0.592,1.236)
    Group 'PangolinRig.006': clamped (0.436,0.522)-(0.592,1.000) size=0.156x0.478
    Group 'PangolinRig.006': YOLO (0.514, 0.239, 0.156, 0.478)
  Result: 1 bbox(es)
  Rendering to: \\wsl.localhost\Ubuntu\home\mat2m10\code\mat2m10\blender\pangolin\dataset\images\001
  Render saved: \\wsl.localhost\Ubuntu\home\mat2m10\code\mat2m10\blender\pangolin\dataset\images\001.png (2718 KB)

========================================
  IMAGE 3/20  seed=1002
========================================
  pangolins=6 exposure=1.01 color=(0.32, 0.2, 0.09, 1.0)
  Building scene...
  [forest] Info: Deleted 6 data-block(s)
  [forest]   Cleared 8 generated pangolin objects.
  [forest]   Reusing cached pangolin template (10 objects)
  [forest]   REAL rig identified: PangolinRig.002 (15 bones)
  [forest]   Pangolin exposure: 1.014839819859715
  [forest]   Pangolin 1/6: pos=(44.7, -41.4) scale=0.53 (baby) pose=walking
  [forest]   Pangolin 2/6: pos=(-38.8, -0.4) scale=1.08 (medium) pose=walking
  [forest]   Pangolin 3/6: pos=(29.5, -44.1) scale=1.37 (large) pose=partial_curl
  [forest]   Pangolin 4/6: pos=(41.5, 37.3) scale=0.54 (baby) pose=ball
  [forest]   Pangolin 5/6: pos=(27.2, 30.8) scale=1.52 (large) pose=partial_curl
  [forest]   Pangolin 6/6: pos=(-2.3, -16.7) scale=1.08 (medium) pose=walking
  [forest]   Applying color override: (0.32, 0.2, 0.09, 1.0)
  [forest]   Fresh pangolins placed into static forest.
  Scene built OK
  Camera: OVERVIEW shot at 62m
  Objects in scene: 324
  Collections: ['Environment', 'Pangolins', 'PangolinTemplate', 'Vegetation']
  Pangolins: 24 objects
  Camera: ForestCamera at <Vector (4.9544, -8.1162, 62.0217)>
  Computing bboxes...
    BBOX: Pangolins collection has 24 objects
      obj: PangolinLegs.001 type=MESH hide=False hide_render=False parent=PangolinRig.005
      obj: PangolinHead.001 type=MESH hide=False hide_render=False parent=PangolinRig.005
      obj: PangolinBody.001 type=MESH hide=False hide_render=False parent=PangolinRig.005
      obj: PangolinRig.005 type=ARMATURE hide=False hide_render=True parent=None
      obj: PangolinLegs.002 type=MESH hide=False hide_render=False parent=PangolinRig.006
      obj: PangolinHead.002 type=MESH hide=False hide_render=False parent=PangolinRig.006
      obj: PangolinBody.002 type=MESH hide=False hide_render=False parent=PangolinRig.006
      obj: PangolinRig.006 type=ARMATURE hide=False hide_render=True parent=None
      obj: PangolinLegs.003 type=MESH hide=False hide_render=False parent=PangolinRig.007
      obj: PangolinHead.003 type=MESH hide=False hide_render=False parent=PangolinRig.007
      obj: PangolinBody.003 type=MESH hide=False hide_render=False parent=PangolinRig.007
      obj: PangolinRig.007 type=ARMATURE hide=False hide_render=True parent=None
      obj: PangolinLegs.004 type=MESH hide=False hide_render=False parent=PangolinRig.008
      obj: PangolinHead.004 type=MESH hide=False hide_render=False parent=PangolinRig.008
      obj: PangolinBody.004 type=MESH hide=False hide_render=False parent=PangolinRig.008
      obj: PangolinRig.008 type=ARMATURE hide=False hide_render=True parent=None
      obj: PangolinLegs.005 type=MESH hide=False hide_render=False parent=PangolinRig.009
      obj: PangolinHead.005 type=MESH hide=False hide_render=False parent=PangolinRig.009
      obj: PangolinBody.005 type=MESH hide=False hide_render=False parent=PangolinRig.009
      obj: PangolinRig.009 type=ARMATURE hide=False hide_render=True parent=None
      obj: PangolinLegs.006 type=MESH hide=False hide_render=False parent=PangolinRig.010
      obj: PangolinHead.006 type=MESH hide=False hide_render=False parent=PangolinRig.010
      obj: PangolinBody.006 type=MESH hide=False hide_render=False parent=PangolinRig.010
      obj: PangolinRig.010 type=ARMATURE hide=False hide_render=True parent=None
    BBOX: 6 pangolin group(s): ['PangolinRig.005', 'PangolinRig.006', 'PangolinRig.007', 'PangolinRig.008', 'PangolinRig.009', 'PangolinRig.010']
    Group 'PangolinRig.005': raw 2D (0.659,-0.677)-(0.689,-0.643)
    Group 'PangolinRig.005': completely off-screen, skipping
    Group 'PangolinRig.006': raw 2D (0.160,0.747)-(0.194,0.834)
    Group 'PangolinRig.006': clamped (0.160,0.747)-(0.194,0.834) size=0.034x0.087
    Group 'PangolinRig.006': YOLO (0.177, 0.209, 0.034, 0.087)
    Group 'PangolinRig.007': raw 2D (0.502,-0.597)-(0.537,-0.487)
    Group 'PangolinRig.007': completely off-screen, skipping
    Group 'PangolinRig.008': raw 2D (1.015,0.667)-(1.028,0.686)
    Group 'PangolinRig.008': completely off-screen, skipping
    Group 'PangolinRig.009': raw 2D (0.850,0.627)-(0.896,0.718)
    Group 'PangolinRig.009': clamped (0.850,0.627)-(0.896,0.718) size=0.046x0.091
    Group 'PangolinRig.009': YOLO (0.873, 0.328, 0.046, 0.091)
    Group 'PangolinRig.010': raw 2D (0.393,0.260)-(0.444,0.275)
    Group 'PangolinRig.010': clamped (0.393,0.260)-(0.444,0.275) size=0.051x0.015
    Group 'PangolinRig.010': YOLO (0.419, 0.733, 0.051, 0.015)
  Result: 3 bbox(es)
  Rendering to: \\wsl.localhost\Ubuntu\home\mat2m10\code\mat2m10\blender\pangolin\dataset\images\002
  Render saved: \\wsl.localhost\Ubuntu\home\mat2m10\code\mat2m10\blender\pangolin\dataset\images\002.png (3385 KB)

========================================
  IMAGE 4/20  seed=1003
========================================
  pangolins=5 exposure=0.97 color=(0.32, 0.2, 0.09, 1.0)
  Building scene...
  [forest] Info: Deleted 18 data-block(s)
  [forest]   Cleared 24 generated pangolin objects.
  [forest]   Reusing cached pangolin template (10 objects)
  [forest]   REAL rig identified: PangolinRig.002 (15 bones)
  [forest]   Pangolin exposure: 0.9705984266995529
  [forest]   Pangolin 1/5: pos=(35.9, -42.0) scale=0.75 (baby) pose=standing
  [forest]   Pangolin 2/5: pos=(29.3, -27.1) scale=1.24 (large) pose=tail_curl
  [forest]   Pangolin 3/5: pos=(31.3, -10.2) scale=0.72 (baby) pose=walking
  [forest]   Pangolin 4/5: pos=(-44.8, 18.7) scale=1.01 (medium) pose=relaxed
  [forest]   Pangolin 5/5: pos=(-13.0, -8.0) scale=1.46 (large) pose=partial_curl
  [forest]   Applying color override: (0.32, 0.2, 0.09, 1.0)
  [forest]   Fresh pangolins placed into static forest.
  Scene built OK
  Camera: OVERVIEW shot at 63m
  Objects in scene: 320
  Collections: ['Environment', 'Pangolins', 'PangolinTemplate', 'Vegetation']
  Pangolins: 20 objects
  Camera: ForestCamera at <Vector (4.7181, 3.4168, 63.3560)>
  Computing bboxes...
    BBOX: Pangolins collection has 20 objects
      obj: PangolinLegs.001 type=MESH hide=False hide_render=False parent=PangolinRig.005
      obj: PangolinHead.001 type=MESH hide=False hide_render=False parent=PangolinRig.005
      obj: PangolinBody.001 type=MESH hide=False hide_render=False parent=PangolinRig.005
      obj: PangolinRig.005 type=ARMATURE hide=False hide_render=True parent=None
      obj: PangolinLegs.002 type=MESH hide=False hide_render=False parent=PangolinRig.006
      obj: PangolinHead.002 type=MESH hide=False hide_render=False parent=PangolinRig.006
      obj: PangolinBody.002 type=MESH hide=False hide_render=False parent=PangolinRig.006
      obj: PangolinRig.006 type=ARMATURE hide=False hide_render=True parent=None
      obj: PangolinLegs.003 type=MESH hide=False hide_render=False parent=PangolinRig.007
      obj: PangolinHead.003 type=MESH hide=False hide_render=False parent=PangolinRig.007
      obj: PangolinBody.003 type=MESH hide=False hide_render=False parent=PangolinRig.007
      obj: PangolinRig.007 type=ARMATURE hide=False hide_render=True parent=None
      obj: PangolinLegs.004 type=MESH hide=False hide_render=False parent=PangolinRig.008
      obj: PangolinHead.004 type=MESH hide=False hide_render=False parent=PangolinRig.008
      obj: PangolinBody.004 type=MESH hide=False hide_render=False parent=PangolinRig.008
      obj: PangolinRig.008 type=ARMATURE hide=False hide_render=True parent=None
      obj: PangolinLegs.005 type=MESH hide=False hide_render=False parent=PangolinRig.009
      obj: PangolinHead.005 type=MESH hide=False hide_render=False parent=PangolinRig.009
      obj: PangolinBody.005 type=MESH hide=False hide_render=False parent=PangolinRig.009
      obj: PangolinRig.009 type=ARMATURE hide=False hide_render=True parent=None
    BBOX: 5 pangolin group(s): ['PangolinRig.005', 'PangolinRig.006', 'PangolinRig.007', 'PangolinRig.008', 'PangolinRig.009']
    Group 'PangolinRig.005': raw 2D (-0.050,0.424)-(-0.021,0.481)
    Group 'PangolinRig.005': completely off-screen, skipping
    Group 'PangolinRig.006': raw 2D (0.063,0.352)-(0.119,0.369)
    Group 'PangolinRig.006': clamped (0.063,0.352)-(0.119,0.369) size=0.056x0.017
    Group 'PangolinRig.006': YOLO (0.091, 0.639, 0.056, 0.017)
    Group 'PangolinRig.007': raw 2D (0.208,0.149)-(0.235,0.207)
    Group 'PangolinRig.007': clamped (0.208,0.149)-(0.235,0.207) size=0.027x0.058
    Group 'PangolinRig.007': YOLO (0.221, 0.822, 0.027, 0.058)
    Group 'PangolinRig.008': raw 2D (0.878,0.847)-(0.901,0.930)
    Group 'PangolinRig.008': clamped (0.878,0.847)-(0.901,0.930) size=0.023x0.083
    Group 'PangolinRig.008': YOLO (0.889, 0.111, 0.023, 0.083)
    Group 'PangolinRig.009': raw 2D (0.501,0.739)-(0.547,0.804)
    Group 'PangolinRig.009': clamped (0.501,0.739)-(0.547,0.804) size=0.046x0.064
    Group 'PangolinRig.009': YOLO (0.524, 0.229, 0.046, 0.064)
  Result: 4 bbox(es)
  Rendering to: \\wsl.localhost\Ubuntu\home\mat2m10\code\mat2m10\blender\pangolin\dataset\images\003
  Render saved: \\wsl.localhost\Ubuntu\home\mat2m10\code\mat2m10\blender\pangolin\dataset\images\003.png (3364 KB)

========================================
  IMAGE 5/20  seed=1004
========================================
  pangolins=5 exposure=0.43 color=(0.25, 0.22, 0.1, 1.0)
  Building scene...
  [forest] Info: Deleted 15 data-block(s)
  [forest]   Cleared 20 generated pangolin objects.
  [forest]   Reusing cached pangolin template (10 objects)
  [forest]   REAL rig identified: PangolinRig.002 (15 bones)
  [forest]   Pangolin exposure: 0.4276049850235044
  [forest]   Pangolin 1/5: pos=(10.2, 17.4) scale=1.06 (medium) pose=walking
  [forest]   Pangolin 2/5: pos=(-31.2, 30.3) scale=0.86 (medium) pose=standing
  [forest]   Pangolin 3/5: pos=(-5.0, 19.4) scale=0.71 (baby) pose=ball
  [forest]   Pangolin 4/5: pos=(4.9, 9.6) scale=0.66 (baby) pose=ball
  [forest]   Pangolin 5/5: pos=(-8.0, -21.4) scale=1.30 (large) pose=ball
  [forest]   Applying color override: (0.25, 0.22, 0.1, 1.0)
  [forest]   Fresh pangolins placed into static forest.
  Scene built OK
  Camera: WIDE shot at 63m covering 5 pangolins
  Objects in scene: 320
  Collections: ['Environment', 'Pangolins', 'PangolinTemplate', 'Vegetation']
  Pangolins: 20 objects
  Camera: ForestCamera at <Vector (-3.3273, 13.6308, 62.5441)>
  Computing bboxes...
    BBOX: Pangolins collection has 20 objects
      obj: PangolinLegs.001 type=MESH hide=False hide_render=False parent=PangolinRig.005
      obj: PangolinHead.001 type=MESH hide=False hide_render=False parent=PangolinRig.005
      obj: PangolinBody.001 type=MESH hide=False hide_render=False parent=PangolinRig.005
      obj: PangolinRig.005 type=ARMATURE hide=False hide_render=True parent=None
      obj: PangolinLegs.002 type=MESH hide=False hide_render=False parent=PangolinRig.006
      obj: PangolinHead.002 type=MESH hide=False hide_render=False parent=PangolinRig.006
      obj: PangolinBody.002 type=MESH hide=False hide_render=False parent=PangolinRig.006
      obj: PangolinRig.006 type=ARMATURE hide=False hide_render=True parent=None
      obj: PangolinLegs.003 type=MESH hide=False hide_render=False parent=PangolinRig.007
      obj: PangolinHead.003 type=MESH hide=False hide_render=False parent=PangolinRig.007
      obj: PangolinBody.003 type=MESH hide=False hide_render=False parent=PangolinRig.007
      obj: PangolinRig.007 type=ARMATURE hide=False hide_render=True parent=None
      obj: PangolinLegs.004 type=MESH hide=False hide_render=False parent=PangolinRig.008
      obj: PangolinHead.004 type=MESH hide=False hide_render=False parent=PangolinRig.008
      obj: PangolinBody.004 type=MESH hide=False hide_render=False parent=PangolinRig.008
      obj: PangolinRig.008 type=ARMATURE hide=False hide_render=True parent=None
      obj: PangolinLegs.005 type=MESH hide=False hide_render=False parent=PangolinRig.009
      obj: PangolinHead.005 type=MESH hide=False hide_render=False parent=PangolinRig.009
      obj: PangolinBody.005 type=MESH hide=False hide_render=False parent=PangolinRig.009
      obj: PangolinRig.009 type=ARMATURE hide=False hide_render=True parent=None
    BBOX: 5 pangolin group(s): ['PangolinRig.005', 'PangolinRig.006', 'PangolinRig.007', 'PangolinRig.008', 'PangolinRig.009']
    Group 'PangolinRig.005': raw 2D (0.393,-0.031)-(0.433,0.099)
    Group 'PangolinRig.005': clamped (0.393,0.000)-(0.433,0.099) size=0.040x0.099
    Group 'PangolinRig.005': YOLO (0.413, 0.951, 0.040, 0.099)
    Group 'PangolinRig.006': raw 2D (0.950,0.547)-(1.013,0.607)
    Group 'PangolinRig.006': clamped (0.950,0.547)-(1.000,0.607) size=0.050x0.060
    Group 'PangolinRig.006': YOLO (0.975, 0.423, 0.050, 0.060)
    Group 'PangolinRig.007': raw 2D (0.571,0.322)-(0.590,0.355)
    Group 'PangolinRig.007': clamped (0.571,0.322)-(0.590,0.355) size=0.020x0.033
    Group 'PangolinRig.007': YOLO (0.581, 0.661, 0.020, 0.033)
    Group 'PangolinRig.008': raw 2D (0.370,0.327)-(0.392,0.351)
    Group 'PangolinRig.008': clamped (0.370,0.327)-(0.392,0.351) size=0.022x0.024
    Group 'PangolinRig.008': YOLO (0.381, 0.661, 0.022, 0.024)
    Group 'PangolinRig.009': raw 2D (0.191,1.060)-(0.229,1.144)
    Group 'PangolinRig.009': completely off-screen, skipping
  Result: 4 bbox(es)
  Rendering to: \\wsl.localhost\Ubuntu\home\mat2m10\code\mat2m10\blender\pangolin\dataset\images\004
  Render saved: \\wsl.localhost\Ubuntu\home\mat2m10\code\mat2m10\blender\pangolin\dataset\images\004.png (3060 KB)

========================================
  IMAGE 6/20  seed=1005
========================================
  pangolins=5 exposure=1.25 color=(0.5, 0.35, 0.15, 1.0)
  Building scene...
  [forest] Info: Deleted 15 data-block(s)
  [forest]   Cleared 20 generated pangolin objects.
  [forest]   Reusing cached pangolin template (10 objects)
  [forest]   REAL rig identified: PangolinRig.002 (15 bones)
  [forest]   Pangolin exposure: 1.2474376818732886
  [forest]   Pangolin 1/5: pos=(-1.1, 6.5) scale=0.86 (medium) pose=standing
  [forest]   Pangolin 2/5: pos=(40.2, 35.8) scale=1.48 (large) pose=relaxed
  [forest]   Pangolin 3/5: pos=(32.7, -41.9) scale=0.51 (baby) pose=walking
  [forest]   Pangolin 4/5: pos=(32.6, -36.4) scale=1.23 (large) pose=walking
  [forest]   Pangolin 5/5: pos=(20.1, 43.9) scale=1.11 (medium) pose=tail_curl
  [forest]   Applying color override: (0.5, 0.35, 0.15, 1.0)
  [forest]   Fresh pangolins placed into static forest.
  Scene built OK
  Camera: WIDE shot at 43m covering 5 pangolins
  Objects in scene: 320
  Collections: ['Environment', 'Pangolins', 'PangolinTemplate', 'Vegetation']
  Pangolins: 20 objects
  Camera: ForestCamera at <Vector (23.9427, 0.6886, 42.5205)>
  Computing bboxes...
    BBOX: Pangolins collection has 20 objects
      obj: PangolinLegs.001 type=MESH hide=False hide_render=False parent=PangolinRig.005
      obj: PangolinHead.001 type=MESH hide=False hide_render=False parent=PangolinRig.005
      obj: PangolinBody.001 type=MESH hide=False hide_render=False parent=PangolinRig.005
      obj: PangolinRig.005 type=ARMATURE hide=False hide_render=True parent=None
      obj: PangolinLegs.002 type=MESH hide=False hide_render=False parent=PangolinRig.006
      obj: PangolinHead.002 type=MESH hide=False hide_render=False parent=PangolinRig.006
      obj: PangolinBody.002 type=MESH hide=False hide_render=False parent=PangolinRig.006
      obj: PangolinRig.006 type=ARMATURE hide=False hide_render=True parent=None
      obj: PangolinLegs.003 type=MESH hide=False hide_render=False parent=PangolinRig.007
      obj: PangolinHead.003 type=MESH hide=False hide_render=False parent=PangolinRig.007
      obj: PangolinBody.003 type=MESH hide=False hide_render=False parent=PangolinRig.007
      obj: PangolinRig.007 type=ARMATURE hide=False hide_render=True parent=None
      obj: PangolinLegs.004 type=MESH hide=False hide_render=False parent=PangolinRig.008
      obj: PangolinHead.004 type=MESH hide=False hide_render=False parent=PangolinRig.008
      obj: PangolinBody.004 type=MESH hide=False hide_render=False parent=PangolinRig.008
      obj: PangolinRig.008 type=ARMATURE hide=False hide_render=True parent=None
      obj: PangolinLegs.005 type=MESH hide=False hide_render=False parent=PangolinRig.009
      obj: PangolinHead.005 type=MESH hide=False hide_render=False parent=PangolinRig.009
      obj: PangolinBody.005 type=MESH hide=False hide_render=False parent=PangolinRig.009
      obj: PangolinRig.009 type=ARMATURE hide=False hide_render=True parent=None
    BBOX: 5 pangolin group(s): ['PangolinRig.005', 'PangolinRig.006', 'PangolinRig.007', 'PangolinRig.008', 'PangolinRig.009']
    Group 'PangolinRig.005': raw 2D (0.043,-0.152)-(0.133,-0.062)
    Group 'PangolinRig.005': completely off-screen, skipping
    Group 'PangolinRig.006': raw 2D (0.194,1.739)-(0.282,2.020)
    Group 'PangolinRig.006': completely off-screen, skipping
    Group 'PangolinRig.007': raw 2D (1.270,-0.420)-(1.320,-0.324)
    Group 'PangolinRig.007': completely off-screen, skipping
    Group 'PangolinRig.008': raw 2D (1.177,-0.497)-(1.269,-0.254)
    Group 'PangolinRig.008': completely off-screen, skipping
    Group 'PangolinRig.009': raw 2D (-0.215,1.395)-(-0.142,1.573)
    Group 'PangolinRig.009': completely off-screen, skipping
  Result: 0 bbox(es)
  Rendering to: \\wsl.localhost\Ubuntu\home\mat2m10\code\mat2m10\blender\pangolin\dataset\images\005
  Render saved: \\wsl.localhost\Ubuntu\home\mat2m10\code\mat2m10\blender\pangolin\dataset\images\005.png (3332 KB)

========================================
  IMAGE 7/20  seed=1006
========================================
  pangolins=4 exposure=0.37 color=(0.5, 0.35, 0.15, 1.0)
  Building scene...
  [forest] Info: Deleted 15 data-block(s)
  [forest]   Cleared 20 generated pangolin objects.
  [forest]   Reusing cached pangolin template (10 objects)
  [forest]   REAL rig identified: PangolinRig.002 (15 bones)
  [forest]   Pangolin exposure: 0.3670131703791716
  [forest]   Pangolin 1/4: pos=(-16.0, -44.9) scale=0.73 (baby) pose=partial_curl
  [forest]   Pangolin 2/4: pos=(-44.2, -21.4) scale=0.82 (medium) pose=standing
  [forest]   Pangolin 3/4: pos=(13.0, 19.7) scale=1.01 (medium) pose=tail_curl
  [forest]   Pangolin 4/4: pos=(-12.6, -37.7) scale=1.42 (large) pose=standing
  [forest]   Applying color override: (0.5, 0.35, 0.15, 1.0)
  [forest]   Fresh pangolins placed into static forest.
  Scene built OK
  Camera: CLOSE shot at 19m targeting one pangolin
  Objects in scene: 316
  Collections: ['Environment', 'Pangolins', 'PangolinTemplate', 'Vegetation']
  Pangolins: 16 objects
  Camera: ForestCamera at <Vector (12.4143, 20.0931, 18.7770)>
  Computing bboxes...
    BBOX: Pangolins collection has 16 objects
      obj: PangolinLegs.001 type=MESH hide=False hide_render=False parent=PangolinRig.005
      obj: PangolinHead.001 type=MESH hide=False hide_render=False parent=PangolinRig.005
      obj: PangolinBody.001 type=MESH hide=False hide_render=False parent=PangolinRig.005
      obj: PangolinRig.005 type=ARMATURE hide=False hide_render=True parent=None
      obj: PangolinLegs.002 type=MESH hide=False hide_render=False parent=PangolinRig.006
      obj: PangolinHead.002 type=MESH hide=False hide_render=False parent=PangolinRig.006
      obj: PangolinBody.002 type=MESH hide=False hide_render=False parent=PangolinRig.006
      obj: PangolinRig.006 type=ARMATURE hide=False hide_render=True parent=None
      obj: PangolinLegs.003 type=MESH hide=False hide_render=False parent=PangolinRig.007
      obj: PangolinHead.003 type=MESH hide=False hide_render=False parent=PangolinRig.007
      obj: PangolinBody.003 type=MESH hide=False hide_render=False parent=PangolinRig.007
      obj: PangolinRig.007 type=ARMATURE hide=False hide_render=True parent=None
      obj: PangolinLegs.004 type=MESH hide=False hide_render=False parent=PangolinRig.008
      obj: PangolinHead.004 type=MESH hide=False hide_render=False parent=PangolinRig.008
      obj: PangolinBody.004 type=MESH hide=False hide_render=False parent=PangolinRig.008
      obj: PangolinRig.008 type=ARMATURE hide=False hide_render=True parent=None
    BBOX: 4 pangolin group(s): ['PangolinRig.005', 'PangolinRig.006', 'PangolinRig.007', 'PangolinRig.008']
    Group 'PangolinRig.005': raw 2D (5.152,1.653)-(5.378,1.959)
    Group 'PangolinRig.005': completely off-screen, skipping
    Group 'PangolinRig.006': raw 2D (5.074,-2.892)-(5.522,-2.189)
    Group 'PangolinRig.006': completely off-screen, skipping
    Group 'PangolinRig.007': raw 2D (0.415,0.507)-(0.521,0.940)
    Group 'PangolinRig.007': clamped (0.415,0.507)-(0.521,0.940) size=0.106x0.433
    Group 'PangolinRig.007': YOLO (0.468, 0.277, 0.106, 0.433)
    Group 'PangolinRig.008': raw 2D (4.280,1.666)-(5.043,2.591)
    Group 'PangolinRig.008': completely off-screen, skipping
  Result: 1 bbox(es)
  Rendering to: \\wsl.localhost\Ubuntu\home\mat2m10\code\mat2m10\blender\pangolin\dataset\images\006
  Render saved: \\wsl.localhost\Ubuntu\home\mat2m10\code\mat2m10\blender\pangolin\dataset\images\006.png (3121 KB)

========================================
  IMAGE 8/20  seed=1007
========================================
  pangolins=2 exposure=1.26 color=(0.4, 0.18, 0.08, 1.0)
  Building scene...
  [forest] Info: Deleted 12 data-block(s)
  [forest]   Cleared 16 generated pangolin objects.
  [forest]   Reusing cached pangolin template (10 objects)
  [forest]   REAL rig identified: PangolinRig.002 (15 bones)
  [forest]   Pangolin exposure: 1.260580728997054
  [forest]   Pangolin 1/2: pos=(19.6, -29.0) scale=1.07 (medium) pose=walking
  [forest]   Pangolin 2/2: pos=(33.4, 34.3) scale=0.70 (baby) pose=tail_curl
  [forest]   Applying color override: (0.4, 0.18, 0.08, 1.0)
  [forest]   Fresh pangolins placed into static forest.
  Scene built OK
  Camera: OVERVIEW shot at 73m
  Objects in scene: 308
  Collections: ['Environment', 'Pangolins', 'PangolinTemplate', 'Vegetation']
  Pangolins: 8 objects
  Camera: ForestCamera at <Vector (-1.9010, 1.6321, 72.5019)>
  Computing bboxes...
    BBOX: Pangolins collection has 8 objects
      obj: PangolinLegs.001 type=MESH hide=False hide_render=False parent=PangolinRig.005
      obj: PangolinHead.001 type=MESH hide=False hide_render=False parent=PangolinRig.005
      obj: PangolinBody.001 type=MESH hide=False hide_render=False parent=PangolinRig.005
      obj: PangolinRig.005 type=ARMATURE hide=False hide_render=True parent=None
      obj: PangolinLegs.002 type=MESH hide=False hide_render=False parent=PangolinRig.006
      obj: PangolinHead.002 type=MESH hide=False hide_render=False parent=PangolinRig.006
      obj: PangolinBody.002 type=MESH hide=False hide_render=False parent=PangolinRig.006
      obj: PangolinRig.006 type=ARMATURE hide=False hide_render=True parent=None
    BBOX: 2 pangolin group(s): ['PangolinRig.005', 'PangolinRig.006']
    Group 'PangolinRig.005': raw 2D (0.545,1.059)-(0.591,1.126)
    Group 'PangolinRig.005': completely off-screen, skipping
    Group 'PangolinRig.006': raw 2D (0.019,0.531)-(0.050,0.553)
    Group 'PangolinRig.006': clamped (0.019,0.531)-(0.050,0.553) size=0.031x0.022
    Group 'PangolinRig.006': YOLO (0.034, 0.458, 0.031, 0.022)
  Result: 1 bbox(es)
  Rendering to: \\wsl.localhost\Ubuntu\home\mat2m10\code\mat2m10\blender\pangolin\dataset\images\007
  Render saved: \\wsl.localhost\Ubuntu\home\mat2m10\code\mat2m10\blender\pangolin\dataset\images\007.png (3082 KB)

========================================
  IMAGE 9/20  seed=1008
========================================
  pangolins=6 exposure=1.45 color=(0.5, 0.35, 0.15, 1.0)
  Building scene...
  [forest] Info: Deleted 6 data-block(s)
  [forest]   Cleared 8 generated pangolin objects.
  [forest]   Reusing cached pangolin template (10 objects)
  [forest]   REAL rig identified: PangolinRig.002 (15 bones)
  [forest]   Pangolin exposure: 1.4547572042798895
  [forest]   Pangolin 1/6: pos=(38.3, -40.5) scale=1.23 (large) pose=relaxed
  [forest]   Pangolin 2/6: pos=(29.2, -25.7) scale=0.59 (baby) pose=relaxed
  [forest]   Pangolin 3/6: pos=(33.3, -25.9) scale=0.90 (medium) pose=partial_curl
  [forest]   Pangolin 4/6: pos=(28.6, -44.1) scale=1.05 (medium) pose=tail_curl
  [forest]   Pangolin 5/6: pos=(44.1, 40.3) scale=1.15 (medium) pose=tail_curl
  [forest]   Pangolin 6/6: pos=(44.5, -22.7) scale=0.91 (medium) pose=partial_curl
  [forest]   Applying color override: (0.5, 0.35, 0.15, 1.0)
  [forest]   Fresh pangolins placed into static forest.
  Scene built OK
  Camera: CLOSE shot at 18m targeting one pangolin
  Objects in scene: 324
  Collections: ['Environment', 'Pangolins', 'PangolinTemplate', 'Vegetation']
  Pangolins: 24 objects
  Camera: ForestCamera at <Vector (44.0810, 42.3356, 18.2715)>
  Computing bboxes...
    BBOX: Pangolins collection has 24 objects
      obj: PangolinLegs.001 type=MESH hide=False hide_render=False parent=PangolinRig.005
      obj: PangolinHead.001 type=MESH hide=False hide_render=False parent=PangolinRig.005
      obj: PangolinBody.001 type=MESH hide=False hide_render=False parent=PangolinRig.005
      obj: PangolinRig.005 type=ARMATURE hide=False hide_render=True parent=None
      obj: PangolinLegs.002 type=MESH hide=False hide_render=False parent=PangolinRig.006
      obj: PangolinHead.002 type=MESH hide=False hide_render=False parent=PangolinRig.006
      obj: PangolinBody.002 type=MESH hide=False hide_render=False parent=PangolinRig.006
      obj: PangolinRig.006 type=ARMATURE hide=False hide_render=True parent=None
      obj: PangolinLegs.003 type=MESH hide=False hide_render=False parent=PangolinRig.007
      obj: PangolinHead.003 type=MESH hide=False hide_render=False parent=PangolinRig.007
      obj: PangolinBody.003 type=MESH hide=False hide_render=False parent=PangolinRig.007
      obj: PangolinRig.007 type=ARMATURE hide=False hide_render=True parent=None
      obj: PangolinLegs.004 type=MESH hide=False hide_render=False parent=PangolinRig.008
      obj: PangolinHead.004 type=MESH hide=False hide_render=False parent=PangolinRig.008
      obj: PangolinBody.004 type=MESH hide=False hide_render=False parent=PangolinRig.008
      obj: PangolinRig.008 type=ARMATURE hide=False hide_render=True parent=None
      obj: PangolinLegs.005 type=MESH hide=False hide_render=False parent=PangolinRig.009
      obj: PangolinHead.005 type=MESH hide=False hide_render=False parent=PangolinRig.009
      obj: PangolinBody.005 type=MESH hide=False hide_render=False parent=PangolinRig.009
      obj: PangolinRig.009 type=ARMATURE hide=False hide_render=True parent=None
      obj: PangolinLegs.006 type=MESH hide=False hide_render=False parent=PangolinRig.010
      obj: PangolinHead.006 type=MESH hide=False hide_render=False parent=PangolinRig.010
      obj: PangolinBody.006 type=MESH hide=False hide_render=False parent=PangolinRig.010
      obj: PangolinRig.010 type=ARMATURE hide=False hide_render=True parent=None
    BBOX: 6 pangolin group(s): ['PangolinRig.005', 'PangolinRig.006', 'PangolinRig.007', 'PangolinRig.008', 'PangolinRig.009', 'PangolinRig.010']
    Group 'PangolinRig.005': raw 2D (0.718,6.908)-(0.882,7.559)
    Group 'PangolinRig.005': completely off-screen, skipping
    Group 'PangolinRig.006': raw 2D (1.287,5.892)-(1.404,6.202)
    Group 'PangolinRig.006': completely off-screen, skipping
    Group 'PangolinRig.007': raw 2D (1.011,6.009)-(1.127,6.322)
    Group 'PangolinRig.007': completely off-screen, skipping
    Group 'PangolinRig.008': raw 2D (1.237,6.613)-(1.388,7.377)
    Group 'PangolinRig.008': completely off-screen, skipping
    Group 'PangolinRig.009': raw 2D (0.307,0.476)-(0.511,0.935)
    Group 'PangolinRig.009': clamped (0.307,0.476)-(0.511,0.935) size=0.205x0.459
    Group 'PangolinRig.009': YOLO (0.409, 0.294, 0.205, 0.459)
    Group 'PangolinRig.010': raw 2D (0.554,5.796)-(0.651,6.250)
    Group 'PangolinRig.010': completely off-screen, skipping
  Result: 1 bbox(es)
  Rendering to: \\wsl.localhost\Ubuntu\home\mat2m10\code\mat2m10\blender\pangolin\dataset\images\008
  Render saved: \\wsl.localhost\Ubuntu\home\mat2m10\code\mat2m10\blender\pangolin\dataset\images\008.png (2454 KB)

========================================
  IMAGE 10/20  seed=1009
========================================
  pangolins=3 exposure=0.31 color=None
  Building scene...
  [forest] Info: Deleted 18 data-block(s)
  [forest]   Cleared 24 generated pangolin objects.
  [forest]   Reusing cached pangolin template (10 objects)
  [forest]   REAL rig identified: PangolinRig.002 (15 bones)
  [forest]   Pangolin exposure: 0.31428270477678416
  [forest]   Pangolin 1/3: pos=(21.5, -1.9) scale=1.45 (large) pose=walking
  [forest]   Pangolin 2/3: pos=(32.8, -13.2) scale=1.19 (medium) pose=relaxed
  [forest]   Pangolin 3/3: pos=(-14.5, -5.0) scale=0.79 (baby) pose=walking
  [forest]   Fresh pangolins placed into static forest.
  Scene built OK
  Camera: WIDE shot at 64m covering 3 pangolins
  Objects in scene: 312
  Collections: ['Environment', 'Pangolins', 'PangolinTemplate', 'Vegetation']
  Pangolins: 12 objects
  Camera: ForestCamera at <Vector (14.2745, -6.7248, 64.0349)>
  Computing bboxes...
    BBOX: Pangolins collection has 12 objects
      obj: PangolinLegs.001 type=MESH hide=False hide_render=False parent=PangolinRig.005
      obj: PangolinHead.001 type=MESH hide=False hide_render=False parent=PangolinRig.005
      obj: PangolinBody.001 type=MESH hide=False hide_render=False parent=PangolinRig.005
      obj: PangolinRig.005 type=ARMATURE hide=False hide_render=True parent=None
      obj: PangolinLegs.002 type=MESH hide=False hide_render=False parent=PangolinRig.006
      obj: PangolinHead.002 type=MESH hide=False hide_render=False parent=PangolinRig.006
      obj: PangolinBody.002 type=MESH hide=False hide_render=False parent=PangolinRig.006
      obj: PangolinRig.006 type=ARMATURE hide=False hide_render=True parent=None
      obj: PangolinLegs.003 type=MESH hide=False hide_render=False parent=PangolinRig.007
      obj: PangolinHead.003 type=MESH hide=False hide_render=False parent=PangolinRig.007
      obj: PangolinBody.003 type=MESH hide=False hide_render=False parent=PangolinRig.007
      obj: PangolinRig.007 type=ARMATURE hide=False hide_render=True parent=None
    BBOX: 3 pangolin group(s): ['PangolinRig.005', 'PangolinRig.006', 'PangolinRig.007']
    Group 'PangolinRig.005': raw 2D (0.561,0.212)-(0.644,0.314)
    Group 'PangolinRig.005': clamped (0.561,0.212)-(0.644,0.314) size=0.084x0.103
    Group 'PangolinRig.005': YOLO (0.603, 0.737, 0.084, 0.103)
    Group 'PangolinRig.006': raw 2D (0.416,-0.056)-(0.478,0.047)
    Group 'PangolinRig.006': clamped (0.416,0.000)-(0.478,0.047) size=0.063x0.047
    Group 'PangolinRig.006': YOLO (0.447, 0.977, 0.063, 0.047)
    Group 'PangolinRig.007': raw 2D (0.516,1.088)-(0.562,1.151)
    Group 'PangolinRig.007': completely off-screen, skipping
  Result: 2 bbox(es)
  Rendering to: \\wsl.localhost\Ubuntu\home\mat2m10\code\mat2m10\blender\pangolin\dataset\images\009
  Render saved: \\wsl.localhost\Ubuntu\home\mat2m10\code\mat2m10\blender\pangolin\dataset\images\009.png (3246 KB)

========================================
  IMAGE 11/20  seed=1010
========================================
  pangolins=6 exposure=1.33 color=(0.32, 0.2, 0.09, 1.0)
  Building scene...
  [forest] Info: Deleted 9 data-block(s)
  [forest]   Cleared 12 generated pangolin objects.
  [forest]   Reusing cached pangolin template (10 objects)
  [forest]   REAL rig identified: PangolinRig.002 (15 bones)
  [forest]   Pangolin exposure: 1.3278642370344902
  [forest]   Pangolin 1/6: pos=(33.7, 34.1) scale=0.62 (baby) pose=relaxed
  [forest]   Pangolin 2/6: pos=(29.8, 35.6) scale=0.56 (baby) pose=ball
  [forest]   Pangolin 3/6: pos=(-43.3, -4.4) scale=0.52 (baby) pose=walking
  [forest]   Pangolin 4/6: pos=(-6.8, 16.6) scale=1.16 (medium) pose=standing
  [forest]   Pangolin 5/6: pos=(38.8, 42.8) scale=1.57 (large) pose=walking
  [forest]   Pangolin 6/6: pos=(40.7, -27.6) scale=0.64 (baby) pose=standing
  [forest]   Applying color override: (0.32, 0.2, 0.09, 1.0)
  [forest]   Fresh pangolins placed into static forest.
  Scene built OK
  Camera: OVERVIEW shot at 70m
  Objects in scene: 324
  Collections: ['Environment', 'Pangolins', 'PangolinTemplate', 'Vegetation']
  Pangolins: 24 objects
  Camera: ForestCamera at <Vector (-5.0604, 1.4720, 70.4550)>
  Computing bboxes...
    BBOX: Pangolins collection has 24 objects
      obj: PangolinLegs.001 type=MESH hide=False hide_render=False parent=PangolinRig.005
      obj: PangolinHead.001 type=MESH hide=False hide_render=False parent=PangolinRig.005
      obj: PangolinBody.001 type=MESH hide=False hide_render=False parent=PangolinRig.005
      obj: PangolinRig.005 type=ARMATURE hide=False hide_render=True parent=None
      obj: PangolinLegs.002 type=MESH hide=False hide_render=False parent=PangolinRig.006
      obj: PangolinHead.002 type=MESH hide=False hide_render=False parent=PangolinRig.006
      obj: PangolinBody.002 type=MESH hide=False hide_render=False parent=PangolinRig.006
      obj: PangolinRig.006 type=ARMATURE hide=False hide_render=True parent=None
      obj: PangolinLegs.003 type=MESH hide=False hide_render=False parent=PangolinRig.007
      obj: PangolinHead.003 type=MESH hide=False hide_render=False parent=PangolinRig.007
      obj: PangolinBody.003 type=MESH hide=False hide_render=False parent=PangolinRig.007
      obj: PangolinRig.007 type=ARMATURE hide=False hide_render=True parent=None
      obj: PangolinLegs.004 type=MESH hide=False hide_render=False parent=PangolinRig.008
      obj: PangolinHead.004 type=MESH hide=False hide_render=False parent=PangolinRig.008
      obj: PangolinBody.004 type=MESH hide=False hide_render=False parent=PangolinRig.008
      obj: PangolinRig.008 type=ARMATURE hide=False hide_render=True parent=None
      obj: PangolinLegs.005 type=MESH hide=False hide_render=False parent=PangolinRig.009
      obj: PangolinHead.005 type=MESH hide=False hide_render=False parent=PangolinRig.009
      obj: PangolinBody.005 type=MESH hide=False hide_render=False parent=PangolinRig.009
      obj: PangolinRig.009 type=ARMATURE hide=False hide_render=True parent=None
      obj: PangolinLegs.006 type=MESH hide=False hide_render=False parent=PangolinRig.010
      obj: PangolinHead.006 type=MESH hide=False hide_render=False parent=PangolinRig.010
      obj: PangolinBody.006 type=MESH hide=False hide_render=False parent=PangolinRig.010
      obj: PangolinRig.010 type=ARMATURE hide=False hide_render=True parent=None
    BBOX: 6 pangolin group(s): ['PangolinRig.005', 'PangolinRig.006', 'PangolinRig.007', 'PangolinRig.008', 'PangolinRig.009', 'PangolinRig.010']
    Group 'PangolinRig.005': raw 2D (0.096,0.883)-(0.127,0.901)
    Group 'PangolinRig.005': clamped (0.096,0.883)-(0.127,0.901) size=0.031x0.018
    Group 'PangolinRig.005': YOLO (0.112, 0.108, 0.031, 0.018)
    Group 'PangolinRig.006': raw 2D (0.083,0.807)-(0.094,0.831)
    Group 'PangolinRig.006': clamped (0.083,0.807)-(0.094,0.831) size=0.011x0.024
    Group 'PangolinRig.006': YOLO (0.089, 0.181, 0.011, 0.024)
    Group 'PangolinRig.007': raw 2D (0.642,-0.252)-(0.668,-0.226)
    Group 'PangolinRig.007': completely off-screen, skipping
    Group 'PangolinRig.008': raw 2D (0.308,0.298)-(0.362,0.337)
    Group 'PangolinRig.008': clamped (0.308,0.298)-(0.362,0.337) size=0.054x0.039
    Group 'PangolinRig.008': YOLO (0.335, 0.682, 0.054, 0.039)
    Group 'PangolinRig.009': raw 2D (-0.049,0.916)-(0.010,1.050)
    Group 'PangolinRig.009': clamped (0.000,0.916)-(0.010,1.000) size=0.010x0.084
    Group 'PangolinRig.009': YOLO (0.005, 0.042, 0.010, 0.084)
    Group 'PangolinRig.010': raw 2D (0.632,1.266)-(0.644,1.324)
    Group 'PangolinRig.010': completely off-screen, skipping
  Result: 4 bbox(es)
  Rendering to: \\wsl.localhost\Ubuntu\home\mat2m10\code\mat2m10\blender\pangolin\dataset\images\010
  Render saved: \\wsl.localhost\Ubuntu\home\mat2m10\code\mat2m10\blender\pangolin\dataset\images\010.png (3292 KB)

========================================
  IMAGE 12/20  seed=1011
========================================
  pangolins=4 exposure=0.60 color=(0.5, 0.35, 0.15, 1.0)
  Building scene...
  [forest] Info: Deleted 18 data-block(s)
  [forest]   Cleared 24 generated pangolin objects.
  [forest]   Reusing cached pangolin template (10 objects)
  [forest]   REAL rig identified: PangolinRig.002 (15 bones)
  [forest]   Pangolin exposure: 0.6043352725872535
  [forest]   Pangolin 1/4: pos=(25.5, -5.2) scale=1.06 (medium) pose=ball
  [forest]   Pangolin 2/4: pos=(-2.1, 30.9) scale=0.67 (baby) pose=partial_curl
  [forest]   Pangolin 3/4: pos=(-0.3, 19.9) scale=0.66 (baby) pose=partial_curl
  [forest]   Pangolin 4/4: pos=(-21.2, 19.7) scale=0.78 (baby) pose=walking
  [forest]   Applying color override: (0.5, 0.35, 0.15, 1.0)
  [forest]   Fresh pangolins placed into static forest.
  Scene built OK
  Camera: CLOSE shot at 21m targeting one pangolin
  Objects in scene: 316
  Collections: ['Environment', 'Pangolins', 'PangolinTemplate', 'Vegetation']
  Pangolins: 16 objects
  Camera: ForestCamera at <Vector (24.7343, -5.2371, 21.2190)>
  Computing bboxes...
    BBOX: Pangolins collection has 16 objects
      obj: PangolinLegs.001 type=MESH hide=False hide_render=False parent=PangolinRig.005
      obj: PangolinHead.001 type=MESH hide=False hide_render=False parent=PangolinRig.005
      obj: PangolinBody.001 type=MESH hide=False hide_render=False parent=PangolinRig.005
      obj: PangolinRig.005 type=ARMATURE hide=False hide_render=True parent=None
      obj: PangolinLegs.002 type=MESH hide=False hide_render=False parent=PangolinRig.006
      obj: PangolinHead.002 type=MESH hide=False hide_render=False parent=PangolinRig.006
      obj: PangolinBody.002 type=MESH hide=False hide_render=False parent=PangolinRig.006
      obj: PangolinRig.006 type=ARMATURE hide=False hide_render=True parent=None
      obj: PangolinLegs.003 type=MESH hide=False hide_render=False parent=PangolinRig.007
      obj: PangolinHead.003 type=MESH hide=False hide_render=False parent=PangolinRig.007
      obj: PangolinBody.003 type=MESH hide=False hide_render=False parent=PangolinRig.007
      obj: PangolinRig.007 type=ARMATURE hide=False hide_render=True parent=None
      obj: PangolinLegs.004 type=MESH hide=False hide_render=False parent=PangolinRig.008
      obj: PangolinHead.004 type=MESH hide=False hide_render=False parent=PangolinRig.008
      obj: PangolinBody.004 type=MESH hide=False hide_render=False parent=PangolinRig.008
      obj: PangolinRig.008 type=ARMATURE hide=False hide_render=True parent=None
    BBOX: 4 pangolin group(s): ['PangolinRig.005', 'PangolinRig.006', 'PangolinRig.007', 'PangolinRig.008']
    Group 'PangolinRig.005': raw 2D (0.459,0.312)-(0.655,0.569)
    Group 'PangolinRig.005': clamped (0.459,0.312)-(0.655,0.569) size=0.196x0.257
    Group 'PangolinRig.005': YOLO (0.557, 0.560, 0.196, 0.257)
    Group 'PangolinRig.006': raw 2D (-2.438,-2.855)-(-2.356,-2.485)
    Group 'PangolinRig.006': completely off-screen, skipping
    Group 'PangolinRig.007': raw 2D (-1.596,-2.688)-(-1.337,-2.384)
    Group 'PangolinRig.007': completely off-screen, skipping
    Group 'PangolinRig.008': raw 2D (-1.869,-5.875)-(-1.532,-4.999)
    Group 'PangolinRig.008': completely off-screen, skipping
  Result: 1 bbox(es)
  Rendering to: \\wsl.localhost\Ubuntu\home\mat2m10\code\mat2m10\blender\pangolin\dataset\images\011
  Render saved: \\wsl.localhost\Ubuntu\home\mat2m10\code\mat2m10\blender\pangolin\dataset\images\011.png (2241 KB)

========================================
  IMAGE 13/20  seed=1012
========================================
  pangolins=4 exposure=0.49 color=(0.5, 0.35, 0.15, 1.0)
  Building scene...
  [forest] Info: Deleted 12 data-block(s)
  [forest]   Cleared 16 generated pangolin objects.
  [forest]   Reusing cached pangolin template (10 objects)
  [forest]   REAL rig identified: PangolinRig.002 (15 bones)
  [forest]   Pangolin exposure: 0.4901476545168434
  [forest]   Pangolin 1/4: pos=(-26.3, -42.3) scale=0.78 (baby) pose=tail_curl
  [forest]   Pangolin 2/4: pos=(-1.4, -12.5) scale=0.68 (baby) pose=tail_curl
  [forest]   Pangolin 3/4: pos=(-24.7, 0.3) scale=0.90 (medium) pose=standing
  [forest]   Pangolin 4/4: pos=(-36.5, 26.1) scale=1.18 (medium) pose=standing
  [forest]   Applying color override: (0.5, 0.35, 0.15, 1.0)
  [forest]   Fresh pangolins placed into static forest.
  Scene built OK
  Camera: MEDIUM shot at 49m
  Objects in scene: 316
  Collections: ['Environment', 'Pangolins', 'PangolinTemplate', 'Vegetation']
  Pangolins: 16 objects
  Camera: ForestCamera at <Vector (-29.8692, -44.2633, 49.0508)>
  Computing bboxes...
    BBOX: Pangolins collection has 16 objects
      obj: PangolinLegs.001 type=MESH hide=False hide_render=False parent=PangolinRig.005
      obj: PangolinHead.001 type=MESH hide=False hide_render=False parent=PangolinRig.005
      obj: PangolinBody.001 type=MESH hide=False hide_render=False parent=PangolinRig.005
      obj: PangolinRig.005 type=ARMATURE hide=False hide_render=True parent=None
      obj: PangolinLegs.002 type=MESH hide=False hide_render=False parent=PangolinRig.006
      obj: PangolinHead.002 type=MESH hide=False hide_render=False parent=PangolinRig.006
      obj: PangolinBody.002 type=MESH hide=False hide_render=False parent=PangolinRig.006
      obj: PangolinRig.006 type=ARMATURE hide=False hide_render=True parent=None
      obj: PangolinLegs.003 type=MESH hide=False hide_render=False parent=PangolinRig.007
      obj: PangolinHead.003 type=MESH hide=False hide_render=False parent=PangolinRig.007
      obj: PangolinBody.003 type=MESH hide=False hide_render=False parent=PangolinRig.007
      obj: PangolinRig.007 type=ARMATURE hide=False hide_render=True parent=None
      obj: PangolinLegs.004 type=MESH hide=False hide_render=False parent=PangolinRig.008
      obj: PangolinHead.004 type=MESH hide=False hide_render=False parent=PangolinRig.008
      obj: PangolinBody.004 type=MESH hide=False hide_render=False parent=PangolinRig.008
      obj: PangolinRig.008 type=ARMATURE hide=False hide_render=True parent=None
    BBOX: 4 pangolin group(s): ['PangolinRig.005', 'PangolinRig.006', 'PangolinRig.007', 'PangolinRig.008']
    Group 'PangolinRig.005': raw 2D (0.502,0.491)-(0.547,0.521)
    Group 'PangolinRig.005': clamped (0.502,0.491)-(0.547,0.521) size=0.045x0.030
    Group 'PangolinRig.005': YOLO (0.524, 0.494, 0.045, 0.030)
    Group 'PangolinRig.006': raw 2D (0.254,1.472)-(0.276,1.572)
    Group 'PangolinRig.006': completely off-screen, skipping
    Group 'PangolinRig.007': raw 2D (-0.183,1.136)-(-0.113,1.252)
    Group 'PangolinRig.007': completely off-screen, skipping
    Group 'PangolinRig.008': raw 2D (-0.669,1.195)-(-0.584,1.373)
    Group 'PangolinRig.008': completely off-screen, skipping
  Result: 1 bbox(es)
  Rendering to: \\wsl.localhost\Ubuntu\home\mat2m10\code\mat2m10\blender\pangolin\dataset\images\012
  Render saved: \\wsl.localhost\Ubuntu\home\mat2m10\code\mat2m10\blender\pangolin\dataset\images\012.png (3309 KB)

========================================
  IMAGE 14/20  seed=1013
========================================
  pangolins=5 exposure=1.22 color=(0.25, 0.22, 0.1, 1.0)
  Building scene...
  [forest] Info: Deleted 12 data-block(s)
  [forest]   Cleared 16 generated pangolin objects.
  [forest]   Reusing cached pangolin template (10 objects)
  [forest]   REAL rig identified: PangolinRig.002 (15 bones)
  [forest]   Pangolin exposure: 1.2186977707305302
  [forest]   Pangolin 1/5: pos=(32.8, -28.5) scale=1.12 (medium) pose=standing
  [forest]   Pangolin 2/5: pos=(-1.7, 19.4) scale=0.58 (baby) pose=relaxed
  [forest]   Pangolin 3/5: pos=(-7.0, -6.0) scale=0.58 (baby) pose=tail_curl
  [forest]   Pangolin 4/5: pos=(22.7, 38.9) scale=1.56 (large) pose=relaxed
  [forest]   Pangolin 5/5: pos=(37.0, -27.4) scale=0.58 (baby) pose=ball
  [forest]   Applying color override: (0.25, 0.22, 0.1, 1.0)
  [forest]   Fresh pangolins placed into static forest.
  Scene built OK
  Camera: MEDIUM shot at 41m
  Objects in scene: 320
  Collections: ['Environment', 'Pangolins', 'PangolinTemplate', 'Vegetation']
  Pangolins: 20 objects
  Camera: ForestCamera at <Vector (29.1209, -28.0396, 40.8623)>
  Computing bboxes...
    BBOX: Pangolins collection has 20 objects
      obj: PangolinLegs.001 type=MESH hide=False hide_render=False parent=PangolinRig.005
      obj: PangolinHead.001 type=MESH hide=False hide_render=False parent=PangolinRig.005
      obj: PangolinBody.001 type=MESH hide=False hide_render=False parent=PangolinRig.005
      obj: PangolinRig.005 type=ARMATURE hide=False hide_render=True parent=None
      obj: PangolinLegs.002 type=MESH hide=False hide_render=False parent=PangolinRig.006
      obj: PangolinHead.002 type=MESH hide=False hide_render=False parent=PangolinRig.006
      obj: PangolinBody.002 type=MESH hide=False hide_render=False parent=PangolinRig.006
      obj: PangolinRig.006 type=ARMATURE hide=False hide_render=True parent=None
      obj: PangolinLegs.003 type=MESH hide=False hide_render=False parent=PangolinRig.007
      obj: PangolinHead.003 type=MESH hide=False hide_render=False parent=PangolinRig.007
      obj: PangolinBody.003 type=MESH hide=False hide_render=False parent=PangolinRig.007
      obj: PangolinRig.007 type=ARMATURE hide=False hide_render=True parent=None
      obj: PangolinLegs.004 type=MESH hide=False hide_render=False parent=PangolinRig.008
      obj: PangolinHead.004 type=MESH hide=False hide_render=False parent=PangolinRig.008
      obj: PangolinBody.004 type=MESH hide=False hide_render=False parent=PangolinRig.008
      obj: PangolinRig.008 type=ARMATURE hide=False hide_render=True parent=None
      obj: PangolinLegs.005 type=MESH hide=False hide_render=False parent=PangolinRig.009
      obj: PangolinHead.005 type=MESH hide=False hide_render=False parent=PangolinRig.009
      obj: PangolinBody.005 type=MESH hide=False hide_render=False parent=PangolinRig.009
      obj: PangolinRig.009 type=ARMATURE hide=False hide_render=True parent=None
    BBOX: 5 pangolin group(s): ['PangolinRig.005', 'PangolinRig.006', 'PangolinRig.007', 'PangolinRig.008', 'PangolinRig.009']
    Group 'PangolinRig.005': raw 2D (0.402,0.269)-(0.503,0.506)
    Group 'PangolinRig.005': clamped (0.402,0.269)-(0.503,0.506) size=0.101x0.237
    Group 'PangolinRig.005': YOLO (0.453, 0.613, 0.101, 0.237)
    Group 'PangolinRig.006': raw 2D (-0.979,-1.953)-(-0.866,-1.847)
    Group 'PangolinRig.006': completely off-screen, skipping
    Group 'PangolinRig.007': raw 2D (-0.169,-2.064)-(-0.084,-1.911)
    Group 'PangolinRig.007': completely off-screen, skipping
    Group 'PangolinRig.008': raw 2D (-1.686,-0.524)-(-1.524,-0.078)
    Group 'PangolinRig.008': completely off-screen, skipping
    Group 'PangolinRig.009': raw 2D (0.427,0.701)-(0.456,0.765)
    Group 'PangolinRig.009': clamped (0.427,0.701)-(0.456,0.765) size=0.029x0.063
    Group 'PangolinRig.009': YOLO (0.442, 0.267, 0.029, 0.063)
  Result: 2 bbox(es)
  Rendering to: \\wsl.localhost\Ubuntu\home\mat2m10\code\mat2m10\blender\pangolin\dataset\images\013
  Render saved: \\wsl.localhost\Ubuntu\home\mat2m10\code\mat2m10\blender\pangolin\dataset\images\013.png (2866 KB)

========================================
  IMAGE 15/20  seed=1014
========================================
  pangolins=6 exposure=0.31 color=(0.15, 0.09, 0.04, 1.0)
  Building scene...
  [forest] Info: Deleted 15 data-block(s)
  [forest]   Cleared 20 generated pangolin objects.
  [forest]   Reusing cached pangolin template (10 objects)
  [forest]   REAL rig identified: PangolinRig.002 (15 bones)
  [forest]   Pangolin exposure: 0.3068418524199732
  [forest]   Pangolin 1/6: pos=(-41.9, -6.3) scale=1.57 (large) pose=ball
  [forest]   Pangolin 2/6: pos=(-11.8, -15.2) scale=1.35 (large) pose=walking
  [forest]   Pangolin 3/6: pos=(-24.5, 20.6) scale=1.34 (large) pose=walking
  [forest]   Pangolin 4/6: pos=(26.7, 37.6) scale=1.34 (large) pose=tail_curl
  [forest]   Pangolin 5/6: pos=(-42.1, -21.0) scale=1.32 (large) pose=standing
  [forest]   Pangolin 6/6: pos=(-34.1, -18.6) scale=1.35 (large) pose=ball
  [forest]   Applying color override: (0.15, 0.09, 0.04, 1.0)
  [forest]   Fresh pangolins placed into static forest.
  Scene built OK
  Camera: CLOSE shot at 21m targeting one pangolin
  Objects in scene: 324
  Collections: ['Environment', 'Pangolins', 'PangolinTemplate', 'Vegetation']
  Pangolins: 24 objects
  Camera: ForestCamera at <Vector (26.0414, 40.1678, 20.5524)>
  Computing bboxes...
    BBOX: Pangolins collection has 24 objects
      obj: PangolinLegs.001 type=MESH hide=False hide_render=False parent=PangolinRig.005
      obj: PangolinHead.001 type=MESH hide=False hide_render=False parent=PangolinRig.005
      obj: PangolinBody.001 type=MESH hide=False hide_render=False parent=PangolinRig.005
      obj: PangolinRig.005 type=ARMATURE hide=False hide_render=True parent=None
      obj: PangolinLegs.002 type=MESH hide=False hide_render=False parent=PangolinRig.006
      obj: PangolinHead.002 type=MESH hide=False hide_render=False parent=PangolinRig.006
      obj: PangolinBody.002 type=MESH hide=False hide_render=False parent=PangolinRig.006
      obj: PangolinRig.006 type=ARMATURE hide=False hide_render=True parent=None
      obj: PangolinLegs.003 type=MESH hide=False hide_render=False parent=PangolinRig.007
      obj: PangolinHead.003 type=MESH hide=False hide_render=False parent=PangolinRig.007
      obj: PangolinBody.003 type=MESH hide=False hide_render=False parent=PangolinRig.007
      obj: PangolinRig.007 type=ARMATURE hide=False hide_render=True parent=None
      obj: PangolinLegs.004 type=MESH hide=False hide_render=False parent=PangolinRig.008
      obj: PangolinHead.004 type=MESH hide=False hide_render=False parent=PangolinRig.008
      obj: PangolinBody.004 type=MESH hide=False hide_render=False parent=PangolinRig.008
      obj: PangolinRig.008 type=ARMATURE hide=False hide_render=True parent=None
      obj: PangolinLegs.005 type=MESH hide=False hide_render=False parent=PangolinRig.009
      obj: PangolinHead.005 type=MESH hide=False hide_render=False parent=PangolinRig.009
      obj: PangolinBody.005 type=MESH hide=False hide_render=False parent=PangolinRig.009
      obj: PangolinRig.009 type=ARMATURE hide=False hide_render=True parent=None
      obj: PangolinLegs.006 type=MESH hide=False hide_render=False parent=PangolinRig.010
      obj: PangolinHead.006 type=MESH hide=False hide_render=False parent=PangolinRig.010
      obj: PangolinBody.006 type=MESH hide=False hide_render=False parent=PangolinRig.010
      obj: PangolinRig.010 type=ARMATURE hide=False hide_render=True parent=None
    BBOX: 6 pangolin group(s): ['PangolinRig.005', 'PangolinRig.006', 'PangolinRig.007', 'PangolinRig.008', 'PangolinRig.009', 'PangolinRig.010']
    Group 'PangolinRig.005': raw 2D (4.962,2.934)-(5.611,3.392)
    Group 'PangolinRig.005': completely off-screen, skipping
    Group 'PangolinRig.006': raw 2D (3.030,3.735)-(3.332,4.508)
    Group 'PangolinRig.006': completely off-screen, skipping
    Group 'PangolinRig.007': raw 2D (3.857,0.646)-(4.626,0.918)
    Group 'PangolinRig.007': completely off-screen, skipping
    Group 'PangolinRig.008': raw 2D (0.315,-0.047)-(0.512,0.512)
    Group 'PangolinRig.008': clamped (0.315,0.000)-(0.512,0.512) size=0.197x0.512
    Group 'PangolinRig.008': YOLO (0.413, 0.744, 0.197, 0.512)
    Group 'PangolinRig.009': raw 2D (4.475,3.989)-(5.044,4.727)
    Group 'PangolinRig.009': completely off-screen, skipping
    Group 'PangolinRig.010': raw 2D (4.316,4.042)-(4.727,4.348)
    Group 'PangolinRig.010': completely off-screen, skipping
  Result: 1 bbox(es)
  Rendering to: \\wsl.localhost\Ubuntu\home\mat2m10\code\mat2m10\blender\pangolin\dataset\images\014
  Render saved: \\wsl.localhost\Ubuntu\home\mat2m10\code\mat2m10\blender\pangolin\dataset\images\014.png (2709 KB)

========================================
  IMAGE 16/20  seed=1015
========================================
  pangolins=2 exposure=1.21 color=(0.5, 0.35, 0.15, 1.0)
  Building scene...
  [forest] Info: Deleted 18 data-block(s)
  [forest]   Cleared 24 generated pangolin objects.
  [forest]   Reusing cached pangolin template (10 objects)
  [forest]   REAL rig identified: PangolinRig.002 (15 bones)
  [forest]   Pangolin exposure: 1.2148895081962283
  [forest]   Pangolin 1/2: pos=(2.1, 27.5) scale=1.24 (large) pose=tail_curl
  [forest]   Pangolin 2/2: pos=(34.2, -44.5) scale=0.94 (medium) pose=walking
  [forest]   Applying color override: (0.5, 0.35, 0.15, 1.0)
  [forest]   Fresh pangolins placed into static forest.
  Scene built OK
  Camera: WIDE shot at 60m covering 2 pangolins
  Objects in scene: 308
  Collections: ['Environment', 'Pangolins', 'PangolinTemplate', 'Vegetation']
  Pangolins: 8 objects
  Camera: ForestCamera at <Vector (20.7318, -7.6205, 60.1275)>
  Computing bboxes...
    BBOX: Pangolins collection has 8 objects
      obj: PangolinLegs.001 type=MESH hide=False hide_render=False parent=PangolinRig.005
      obj: PangolinHead.001 type=MESH hide=False hide_render=False parent=PangolinRig.005
      obj: PangolinBody.001 type=MESH hide=False hide_render=False parent=PangolinRig.005
      obj: PangolinRig.005 type=ARMATURE hide=False hide_render=True parent=None
      obj: PangolinLegs.002 type=MESH hide=False hide_render=False parent=PangolinRig.006
      obj: PangolinHead.002 type=MESH hide=False hide_render=False parent=PangolinRig.006
      obj: PangolinBody.002 type=MESH hide=False hide_render=False parent=PangolinRig.006
      obj: PangolinRig.006 type=ARMATURE hide=False hide_render=True parent=None
    BBOX: 2 pangolin group(s): ['PangolinRig.005', 'PangolinRig.006']
    Group 'PangolinRig.005': raw 2D (0.970,0.543)-(1.047,0.580)
    Group 'PangolinRig.005': clamped (0.970,0.543)-(1.000,0.580) size=0.030x0.037
    Group 'PangolinRig.005': YOLO (0.985, 0.438, 0.030, 0.037)
    Group 'PangolinRig.006': raw 2D (0.005,0.333)-(0.031,0.428)
    Group 'PangolinRig.006': clamped (0.005,0.333)-(0.031,0.428) size=0.026x0.095
    Group 'PangolinRig.006': YOLO (0.018, 0.620, 0.026, 0.095)
  Result: 2 bbox(es)
  Rendering to: \\wsl.localhost\Ubuntu\home\mat2m10\code\mat2m10\blender\pangolin\dataset\images\015
  Render saved: \\wsl.localhost\Ubuntu\home\mat2m10\code\mat2m10\blender\pangolin\dataset\images\015.png (3093 KB)

========================================
  IMAGE 17/20  seed=1016
========================================
  pangolins=4 exposure=1.18 color=(0.4, 0.18, 0.08, 1.0)
  Building scene...
  [forest] Info: Deleted 6 data-block(s)
  [forest]   Cleared 8 generated pangolin objects.
  [forest]   Reusing cached pangolin template (10 objects)
  [forest]   REAL rig identified: PangolinRig.002 (15 bones)
  [forest]   Pangolin exposure: 1.1754572277407316
  [forest]   Pangolin 1/4: pos=(23.5, -27.2) scale=1.14 (medium) pose=standing
  [forest]   Pangolin 2/4: pos=(27.6, -37.3) scale=1.02 (medium) pose=ball
  [forest]   Pangolin 3/4: pos=(16.9, 40.1) scale=1.19 (medium) pose=tail_curl
  [forest]   Pangolin 4/4: pos=(34.0, -33.4) scale=1.39 (large) pose=partial_curl
  [forest]   Applying color override: (0.4, 0.18, 0.08, 1.0)
  [forest]   Fresh pangolins placed into static forest.
  Scene built OK
  Camera: CLOSE shot at 25m targeting one pangolin
  Objects in scene: 316
  Collections: ['Environment', 'Pangolins', 'PangolinTemplate', 'Vegetation']
  Pangolins: 16 objects
  Camera: ForestCamera at <Vector (23.6054, -27.4326, 24.5802)>
  Computing bboxes...
    BBOX: Pangolins collection has 16 objects
      obj: PangolinLegs.001 type=MESH hide=False hide_render=False parent=PangolinRig.005
      obj: PangolinHead.001 type=MESH hide=False hide_render=False parent=PangolinRig.005
      obj: PangolinBody.001 type=MESH hide=False hide_render=False parent=PangolinRig.005
      obj: PangolinRig.005 type=ARMATURE hide=False hide_render=True parent=None
      obj: PangolinLegs.002 type=MESH hide=False hide_render=False parent=PangolinRig.006
      obj: PangolinHead.002 type=MESH hide=False hide_render=False parent=PangolinRig.006
      obj: PangolinBody.002 type=MESH hide=False hide_render=False parent=PangolinRig.006
      obj: PangolinRig.006 type=ARMATURE hide=False hide_render=True parent=None
      obj: PangolinLegs.003 type=MESH hide=False hide_render=False parent=PangolinRig.007
      obj: PangolinHead.003 type=MESH hide=False hide_render=False parent=PangolinRig.007
      obj: PangolinBody.003 type=MESH hide=False hide_render=False parent=PangolinRig.007
      obj: PangolinRig.007 type=ARMATURE hide=False hide_render=True parent=None
      obj: PangolinLegs.004 type=MESH hide=False hide_render=False parent=PangolinRig.008
      obj: PangolinHead.004 type=MESH hide=False hide_render=False parent=PangolinRig.008
      obj: PangolinBody.004 type=MESH hide=False hide_render=False parent=PangolinRig.008
      obj: PangolinRig.008 type=ARMATURE hide=False hide_render=True parent=None
    BBOX: 4 pangolin group(s): ['PangolinRig.005', 'PangolinRig.006', 'PangolinRig.007', 'PangolinRig.008']
    Group 'PangolinRig.005': raw 2D (0.505,0.482)-(0.779,0.720)
    Group 'PangolinRig.005': clamped (0.505,0.482)-(0.779,0.720) size=0.274x0.238
    Group 'PangolinRig.005': YOLO (0.642, 0.399, 0.274, 0.238)
    Group 'PangolinRig.006': raw 2D (0.571,-0.748)-(0.700,-0.498)
    Group 'PangolinRig.006': completely off-screen, skipping
    Group 'PangolinRig.007': raw 2D (0.850,6.413)-(1.051,7.454)
    Group 'PangolinRig.007': completely off-screen, skipping
    Group 'PangolinRig.008': raw 2D (0.908,-0.503)-(1.155,-0.191)
    Group 'PangolinRig.008': completely off-screen, skipping
  Result: 1 bbox(es)
  Rendering to: \\wsl.localhost\Ubuntu\home\mat2m10\code\mat2m10\blender\pangolin\dataset\images\016
  Render saved: \\wsl.localhost\Ubuntu\home\mat2m10\code\mat2m10\blender\pangolin\dataset\images\016.png (2396 KB)

========================================
  IMAGE 18/20  seed=1017
========================================
  pangolins=5 exposure=1.39 color=(0.5, 0.35, 0.15, 1.0)
  Building scene...
  [forest] Info: Deleted 12 data-block(s)
  [forest]   Cleared 16 generated pangolin objects.
  [forest]   Reusing cached pangolin template (10 objects)
  [forest]   REAL rig identified: PangolinRig.002 (15 bones)
  [forest]   Pangolin exposure: 1.3899906870889693
  [forest]   Pangolin 1/5: pos=(23.8, 42.8) scale=0.51 (baby) pose=ball
  [forest]   Pangolin 2/5: pos=(-2.3, 6.1) scale=1.48 (large) pose=relaxed
  [forest]   Pangolin 3/5: pos=(31.2, 36.8) scale=0.57 (baby) pose=standing
  [forest]   Pangolin 4/5: pos=(37.9, -41.0) scale=0.93 (medium) pose=partial_curl
  [forest]   Pangolin 5/5: pos=(-0.7, 11.1) scale=0.54 (baby) pose=partial_curl
  [forest]   Applying color override: (0.5, 0.35, 0.15, 1.0)
  [forest]   Fresh pangolins placed into static forest.
  Scene built OK
  Camera: OVERVIEW shot at 68m
  Objects in scene: 320
  Collections: ['Environment', 'Pangolins', 'PangolinTemplate', 'Vegetation']
  Pangolins: 20 objects
  Camera: ForestCamera at <Vector (-5.5657, -4.2800, 67.5178)>
  Computing bboxes...
    BBOX: Pangolins collection has 20 objects
      obj: PangolinLegs.001 type=MESH hide=False hide_render=False parent=PangolinRig.005
      obj: PangolinHead.001 type=MESH hide=False hide_render=False parent=PangolinRig.005
      obj: PangolinBody.001 type=MESH hide=False hide_render=False parent=PangolinRig.005
      obj: PangolinRig.005 type=ARMATURE hide=False hide_render=True parent=None
      obj: PangolinLegs.002 type=MESH hide=False hide_render=False parent=PangolinRig.006
      obj: PangolinHead.002 type=MESH hide=False hide_render=False parent=PangolinRig.006
      obj: PangolinBody.002 type=MESH hide=False hide_render=False parent=PangolinRig.006
      obj: PangolinRig.006 type=ARMATURE hide=False hide_render=True parent=None
      obj: PangolinLegs.003 type=MESH hide=False hide_render=False parent=PangolinRig.007
      obj: PangolinHead.003 type=MESH hide=False hide_render=False parent=PangolinRig.007
      obj: PangolinBody.003 type=MESH hide=False hide_render=False parent=PangolinRig.007
      obj: PangolinRig.007 type=ARMATURE hide=False hide_render=True parent=None
      obj: PangolinLegs.004 type=MESH hide=False hide_render=False parent=PangolinRig.008
      obj: PangolinHead.004 type=MESH hide=False hide_render=False parent=PangolinRig.008
      obj: PangolinBody.004 type=MESH hide=False hide_render=False parent=PangolinRig.008
      obj: PangolinRig.008 type=ARMATURE hide=False hide_render=True parent=None
      obj: PangolinLegs.005 type=MESH hide=False hide_render=False parent=PangolinRig.009
      obj: PangolinHead.005 type=MESH hide=False hide_render=False parent=PangolinRig.009
      obj: PangolinBody.005 type=MESH hide=False hide_render=False parent=PangolinRig.009
      obj: PangolinRig.009 type=ARMATURE hide=False hide_render=True parent=None
    BBOX: 5 pangolin group(s): ['PangolinRig.005', 'PangolinRig.006', 'PangolinRig.007', 'PangolinRig.008', 'PangolinRig.009']
    Group 'PangolinRig.005': raw 2D (0.294,1.316)-(0.307,1.339)
    Group 'PangolinRig.005': completely off-screen, skipping
    Group 'PangolinRig.006': raw 2D (0.428,0.423)-(0.483,0.543)
    Group 'PangolinRig.006': clamped (0.428,0.423)-(0.483,0.543) size=0.056x0.121
    Group 'PangolinRig.006': YOLO (0.456, 0.517, 0.056, 0.121)
    Group 'PangolinRig.007': raw 2D (0.395,1.356)-(0.422,1.377)
    Group 'PangolinRig.007': completely off-screen, skipping
    Group 'PangolinRig.008': raw 2D (1.107,0.563)-(1.130,0.597)
    Group 'PangolinRig.008': completely off-screen, skipping
    Group 'PangolinRig.009': raw 2D (0.386,0.618)-(0.404,0.644)
    Group 'PangolinRig.009': clamped (0.386,0.618)-(0.404,0.644) size=0.018x0.026
    Group 'PangolinRig.009': YOLO (0.395, 0.369, 0.018, 0.026)
  Result: 2 bbox(es)
  Rendering to: \\wsl.localhost\Ubuntu\home\mat2m10\code\mat2m10\blender\pangolin\dataset\images\017
  Render saved: \\wsl.localhost\Ubuntu\home\mat2m10\code\mat2m10\blender\pangolin\dataset\images\017.png (3411 KB)

========================================
  IMAGE 19/20  seed=1018
========================================
  pangolins=5 exposure=1.07 color=(0.5, 0.35, 0.15, 1.0)
  Building scene...
  [forest] Info: Deleted 15 data-block(s)
  [forest]   Cleared 20 generated pangolin objects.
  [forest]   Reusing cached pangolin template (10 objects)
  [forest]   REAL rig identified: PangolinRig.002 (15 bones)
  [forest]   Pangolin exposure: 1.070426128247737
  [forest]   Pangolin 1/5: pos=(21.3, -28.2) scale=1.08 (medium) pose=walking
  [forest]   Pangolin 2/5: pos=(39.2, -26.9) scale=0.85 (medium) pose=ball
  [forest]   Pangolin 3/5: pos=(5.9, 28.6) scale=1.03 (medium) pose=walking
  [forest]   Pangolin 4/5: pos=(24.1, -27.2) scale=0.61 (baby) pose=partial_curl
  [forest]   Pangolin 5/5: pos=(32.4, -25.7) scale=1.22 (large) pose=relaxed
  [forest]   Applying color override: (0.5, 0.35, 0.15, 1.0)
  [forest]   Fresh pangolins placed into static forest.
  Scene built OK
  Camera: WIDE shot at 66m covering 5 pangolins
  Objects in scene: 320
  Collections: ['Environment', 'Pangolins', 'PangolinTemplate', 'Vegetation']
  Pangolins: 20 objects
  Camera: ForestCamera at <Vector (21.2327, -15.3606, 65.5610)>
  Computing bboxes...
    BBOX: Pangolins collection has 20 objects
      obj: PangolinLegs.001 type=MESH hide=False hide_render=False parent=PangolinRig.005
      obj: PangolinHead.001 type=MESH hide=False hide_render=False parent=PangolinRig.005
      obj: PangolinBody.001 type=MESH hide=False hide_render=False parent=PangolinRig.005
      obj: PangolinRig.005 type=ARMATURE hide=False hide_render=True parent=None
      obj: PangolinLegs.002 type=MESH hide=False hide_render=False parent=PangolinRig.006
      obj: PangolinHead.002 type=MESH hide=False hide_render=False parent=PangolinRig.006
      obj: PangolinBody.002 type=MESH hide=False hide_render=False parent=PangolinRig.006
      obj: PangolinRig.006 type=ARMATURE hide=False hide_render=True parent=None
      obj: PangolinLegs.003 type=MESH hide=False hide_render=False parent=PangolinRig.007
      obj: PangolinHead.003 type=MESH hide=False hide_render=False parent=PangolinRig.007
      obj: PangolinBody.003 type=MESH hide=False hide_render=False parent=PangolinRig.007
      obj: PangolinRig.007 type=ARMATURE hide=False hide_render=True parent=None
      obj: PangolinLegs.004 type=MESH hide=False hide_render=False parent=PangolinRig.008
      obj: PangolinHead.004 type=MESH hide=False hide_render=False parent=PangolinRig.008
      obj: PangolinBody.004 type=MESH hide=False hide_render=False parent=PangolinRig.008
      obj: PangolinRig.008 type=ARMATURE hide=False hide_render=True parent=None
      obj: PangolinLegs.005 type=MESH hide=False hide_render=False parent=PangolinRig.009
      obj: PangolinHead.005 type=MESH hide=False hide_render=False parent=PangolinRig.009
      obj: PangolinBody.005 type=MESH hide=False hide_render=False parent=PangolinRig.009
      obj: PangolinRig.009 type=ARMATURE hide=False hide_render=True parent=None
    BBOX: 5 pangolin group(s): ['PangolinRig.005', 'PangolinRig.006', 'PangolinRig.007', 'PangolinRig.008', 'PangolinRig.009']
    Group 'PangolinRig.005': raw 2D (0.661,0.451)-(0.727,0.489)
    Group 'PangolinRig.005': clamped (0.661,0.451)-(0.727,0.489) size=0.066x0.038
    Group 'PangolinRig.005': YOLO (0.694, 0.530, 0.066, 0.038)
    Group 'PangolinRig.006': raw 2D (0.593,0.854)-(0.617,0.889)
    Group 'PangolinRig.006': clamped (0.593,0.854)-(0.617,0.889) size=0.024x0.035
    Group 'PangolinRig.006': YOLO (0.605, 0.128, 0.024, 0.035)
    Group 'PangolinRig.007': raw 2D (-0.049,-0.198)-(-0.025,-0.079)
    Group 'PangolinRig.007': completely off-screen, skipping
    Group 'PangolinRig.008': raw 2D (0.633,0.512)-(0.652,0.553)
    Group 'PangolinRig.008': clamped (0.633,0.512)-(0.652,0.553) size=0.019x0.042
    Group 'PangolinRig.008': YOLO (0.643, 0.468, 0.019, 0.042)
    Group 'PangolinRig.009': raw 2D (0.534,0.675)-(0.607,0.717)
    Group 'PangolinRig.009': clamped (0.534,0.675)-(0.607,0.717) size=0.073x0.042
    Group 'PangolinRig.009': YOLO (0.570, 0.304, 0.073, 0.042)
  Result: 4 bbox(es)
  Rendering to: \\wsl.localhost\Ubuntu\home\mat2m10\code\mat2m10\blender\pangolin\dataset\images\018
  Render saved: \\wsl.localhost\Ubuntu\home\mat2m10\code\mat2m10\blender\pangolin\dataset\images\018.png (3134 KB)

========================================
  IMAGE 20/20  seed=1019
========================================
  pangolins=2 exposure=0.70 color=None
  Building scene...
  [forest] Info: Deleted 15 data-block(s)
  [forest]   Cleared 20 generated pangolin objects.
  [forest]   Reusing cached pangolin template (10 objects)
  [forest]   REAL rig identified: PangolinRig.002 (15 bones)
  [forest]   Pangolin exposure: 0.69849852217002
  [forest]   Pangolin 1/2: pos=(25.0, -4.8) scale=1.58 (large) pose=walking
  [forest]   Pangolin 2/2: pos=(38.0, -41.1) scale=0.63 (baby) pose=walking
  [forest]   Fresh pangolins placed into static forest.
  Scene built OK
  Camera: CLOSE shot at 17m targeting one pangolin
  Objects in scene: 308
  Collections: ['Environment', 'Pangolins', 'PangolinTemplate', 'Vegetation']
  Pangolins: 8 objects
  Camera: ForestCamera at <Vector (36.8064, -40.7786, 16.7619)>
  Computing bboxes...
    BBOX: Pangolins collection has 8 objects
      obj: PangolinLegs.001 type=MESH hide=False hide_render=False parent=PangolinRig.005
      obj: PangolinHead.001 type=MESH hide=False hide_render=False parent=PangolinRig.005
      obj: PangolinBody.001 type=MESH hide=False hide_render=False parent=PangolinRig.005
      obj: PangolinRig.005 type=ARMATURE hide=False hide_render=True parent=None
      obj: PangolinLegs.002 type=MESH hide=False hide_render=False parent=PangolinRig.006
      obj: PangolinHead.002 type=MESH hide=False hide_render=False parent=PangolinRig.006
      obj: PangolinBody.002 type=MESH hide=False hide_render=False parent=PangolinRig.006
      obj: PangolinRig.006 type=ARMATURE hide=False hide_render=True parent=None
    BBOX: 2 pangolin group(s): ['PangolinRig.005', 'PangolinRig.006']
    Group 'PangolinRig.005': raw 2D (-2.670,-2.893)-(-2.058,-1.361)
    Group 'PangolinRig.005': completely off-screen, skipping
    Group 'PangolinRig.006': raw 2D (0.273,0.442)-(0.495,0.671)
    Group 'PangolinRig.006': clamped (0.273,0.442)-(0.495,0.671) size=0.222x0.229
    Group 'PangolinRig.006': YOLO (0.384, 0.444, 0.222, 0.229)
  Result: 1 bbox(es)
  Rendering to: \\wsl.localhost\Ubuntu\home\mat2m10\code\mat2m10\blender\pangolin\dataset\images\019
  Render saved: \\wsl.localhost\Ubuntu\home\mat2m10\code\mat2m10\blender\pangolin\dataset\images\019.png (2691 KB)

============================================================
  DONE: 20 images, 37 annotations
  Output: \\wsl.localhost\Ubuntu\home\mat2m10\code\mat2m10\blender\pangolin\dataset
  Log: \\wsl.localhost\Ubuntu\home\mat2m10\code\mat2m10\blender\pangolin\dataset_generation.log
============================================================